10:53:47.844 [JavaFX Application Thread] DEBUG GameApplication      - Logger initialized
10:53:47.862 [JavaFX Application Thread] DEBUG MainWindow           - Creating a JavaFX scene
10:53:47.962 [JavaFX Application Thread] DEBUG MainWindow           - Target settings size: 1000.0 x 1000.0
10:53:47.963 [JavaFX Application Thread] DEBUG MainWindow           - Scaled scene size:    1000.0 x 1000.0
10:53:47.963 [JavaFX Application Thread] DEBUG MainWindow           - Scaled ratio: (1.0, 1.0)
10:53:48.126 [JavaFX Application Thread] DEBUG GameApplication      - Starting FXGL
10:53:48.182 [FXGL Launcher Thread     ] INFO  Version              - FXGL-0.4.3
10:53:48.182 [FXGL Launcher Thread     ] INFO  Version              - Source code and latest versions at: https://github.com/AlmasB/FXGL
10:53:48.183 [FXGL Launcher Thread     ] INFO  Version              -              Join the FXGL chat at: https://gitter.im/AlmasB/FXGL
10:53:48.184 [FXGL Launcher Thread     ] DEBUG FXGL                 - Loading FXGL system data
10:53:48.190 [FXGL Launcher Thread     ] DEBUG IOTask               - Executing task: readDataTask(system/fxgl.bundle)
10:53:48.208 [FXGL Launcher Thread     ] DEBUG FS                   - Reading from: system\fxgl.bundle
10:53:48.221 [FXGL Launcher Thread     ] DEBUG IOTask               - Task succeeded: readDataTask(system/fxgl.bundle)
10:53:48.222 [FXGL Launcher Thread     ] DEBUG Bundle               - Logging bundle: FXGL
10:53:48.222 [FXGL Launcher Thread     ] DEBUG Bundle               - FXGL.offline.timer.version.check=2018-04-06T10:53:37.887
10:53:48.237 [FXGL Launcher Thread     ] DEBUG GameApplication      - FXGL started
10:53:48.237 [FXGL Launcher Thread     ] DEBUG GameApplication      - Logging game settings
Title: BABA IS YOU
Version: 0.1
Width: 1000
Height: 1000
Fullscreen: false
Intro: false
Menus: false
Profiling: false
Single step:false
App Mode: DEVELOPER
Menu Key: ESCAPE
Stage Style: DECORATED
Scene Factory: class com.almasb.fxgl.scene.SceneFactory
Dialog Factory: class com.almasb.fxgl.ui.FXGLDialogFactory
UI Factory: class com.almasb.fxgl.ui.FXGLUIFactory
Notification Service: class com.almasb.fxgl.gameplay.notification.XboxNotificationView
Exception Handler: class com.almasb.fxgl.app.FXGLExceptionHandler
10:53:48.240 [FXGL Launcher Thread     ] DEBUG GameApplication      - Configuring GameApplication
10:53:48.240 [FXGL Launcher Thread     ] DEBUG GameApplication      - Initializing state machine and application states
10:53:48.262 [FXGL Launcher Thread     ] DEBUG AssetLoader          - Loading from disk: /assets/ui/cursors/fxgl_default.png
10:53:48.301 [FXGL Launcher Thread     ] DEBUG AssetLoader          - Loading from disk: /assets/ui/cursors/fxgl_default.png
10:53:48.308 [FXGL Launcher Thread     ] DEBUG AssetLoader          - Loading from disk: /assets/ui/cursors/fxgl_default.png
10:53:48.320 [FXGL Launcher Thread     ] DEBUG AssetLoader          - Loading from disk: /assets/sounds/core/notification.wav
10:53:48.365 [FXGL Launcher Thread     ] DEBUG AssetLoader          - Loading from disk: /assets/sounds/menu/select.wav
10:53:48.367 [FXGL Launcher Thread     ] DEBUG AssetLoader          - Loading from disk: /assets/sounds/menu/back.wav
10:53:48.369 [FXGL Launcher Thread     ] DEBUG AssetLoader          - Loading from disk: /assets/sounds/menu/press.wav
10:53:48.373 [FXGL Launcher Thread     ] DEBUG AssetLoader          - Loading from disk: /assets/ui/fonts/VarelaRound-Regular.ttf
10:53:48.488 [FXGL Launcher Thread     ] DEBUG AssetLoader          - Loading from disk: /assets/ui/fonts/lucida_console.ttf
10:53:48.500 [FXGL Launcher Thread     ] DEBUG AssetLoader          - Loading from disk: /assets/ui/css/fxgl_dark.css
10:53:48.500 [FXGL Launcher Thread     ] DEBUG AssetLoader          - Loading from disk: /assets/ui/icons/fxgl_icon.png
10:53:48.522 [FXGL Launcher Thread     ] DEBUG AssetLoader          - Loading from disk: /assets/ui/cursors/fxgl_default.png
10:53:48.546 [FXGL Launcher Thread     ] DEBUG FXGL.GameScene       - Game scene initialized: 1000x1000
10:53:48.549 [FXGL Launcher Thread     ] DEBUG FXGL.GameWorld       - Game world initialized
10:53:48.644 [FXGL Launcher Thread     ] DEBUG PhysicsWorld         - Physics world initialized: appHeight=1000, physics.ppm=50,0
10:53:48.671 [FXGL Launcher Thread     ] DEBUG Input                - Registered new binding: Pause - Esc
10:53:48.686 [FXGL Launcher Thread     ] INFO  GameApplication      - Game configuration took:  0,446 sec
10:53:48.688 [JavaFX Application Thread] DEBUG MainWindow           - Opening main window
10:53:48.766 [JavaFX Application Thread] DEBUG MainWindow           - Window border size: (6.0, 35.0)
10:53:48.766 [JavaFX Application Thread] DEBUG MainWindow           - Scaled size: 1000.0 x 1000.0
10:53:48.766 [JavaFX Application Thread] DEBUG MainWindow           - Scaled ratio: (1.0, 1.0)
10:53:48.767 [JavaFX Application Thread] DEBUG MainWindow           - Scene size: 1000.0 x 1000.0
10:53:48.767 [JavaFX Application Thread] DEBUG MainWindow           - Stage size: 1006.0 x 1035.0
10:53:48.767 [JavaFX Application Thread] DEBUG GameApplication      - Running preInit()
10:53:48.770 [JavaFX Application Thread] DEBUG AnnotationParser     - Main app package name: console
10:53:48.877 [JavaFX Application Thread] DEBUG AnnotationParser     - @SetAchievementStore: []
10:53:48.878 [JavaFX Application Thread] DEBUG Input                - Registered new binding: Screenshot - P
10:53:48.879 [JavaFX Application Thread] DEBUG Input                - Registered new binding: Dev Options - CTRL+0
10:53:48.880 [JavaFX Application Thread] DEBUG Input                - Registered new binding: Restart - CTRL+R
10:53:48.921 [JavaFX Application Thread] DEBUG GameApplication      - Starting main loop
10:53:48.926 [JavaFX Application Thread] DEBUG StartupState         - STARTUP
10:53:48.926 [JavaFX Application Thread] DEBUG GameApplication      - Starting new game
10:53:48.926 [JavaFX Application Thread] DEBUG Input                - Clearing active input actions
10:53:48.961 [JavaFX Application Thread] DEBUG AppStateMachine      - StartupState -> LoadingState
10:53:48.963 [JavaFX Application Thread] DEBUG AnnotationParser     - Main app package name: console
10:53:48.963 [JavaFX Application Thread] DEBUG InitAppTask          - Parsing annotations
10:53:49.072 [JavaFX Application Thread] DEBUG AnnotationParser     - @AddCollisionHandler: []
10:53:49.073 [JavaFX Application Thread] DEBUG AnnotationParser     - @SetEntityFactory: []
10:53:49.073 [JavaFX Application Thread] DEBUG AnnotationParser     - @SetEventHandler: []
10:53:49.081 [FXGL Background Thread 1 ] DEBUG InitAppTask          - Clearing previous game
10:53:49.082 [FXGL Background Thread 1 ] DEBUG FXGL.GameWorld       - Clearing game world
10:53:49.083 [FXGL Background Thread 1 ] DEBUG PhysicsWorld         - Clearing physics world
10:53:49.083 [FXGL Background Thread 1 ] DEBUG FXGL.GameScene       - Clearing game scene
10:53:49.084 [FXGL Background Thread 1 ] DEBUG InitAppTask          - Initializing Assets
10:53:49.086 [FXGL Background Thread 1 ] DEBUG InitAppTask          - Initializing Game
10:53:49.092 [FXGL Background Thread 1 ] DEBUG InitAppTask          - Initializing Physics
10:53:49.092 [FXGL Background Thread 1 ] DEBUG InitAppTask          - Initializing UI
10:53:49.092 [FXGL Background Thread 1 ] DEBUG InitAppTask          - Initialization Complete
10:53:49.092 [FXGL Background Thread 1 ] INFO  InitAppTask          - Game initialization took: 0,011 sec
10:53:49.165 [JavaFX Application Thread] DEBUG Input                - Clearing active input actions
10:53:49.179 [JavaFX Application Thread] DEBUG AppStateMachine      - LoadingState -> PlayState
10:53:56.709 [JavaFX Application Thread] DEBUG GameApplication      - Exiting game application
10:53:56.711 [JavaFX Application Thread] DEBUG GameApplication      - Shutting down background threads
10:53:56.711 [JavaFX Application Thread] DEBUG GameApplication      - Exiting FXGL
10:53:56.711 [JavaFX Application Thread] DEBUG FXGL                 - Saving FXGL system data
10:53:56.713 [JavaFX Application Thread] DEBUG IOTask               - Executing task: writeDataTask(system/fxgl.bundle)
10:53:56.715 [JavaFX Application Thread] DEBUG FS                   - Writing to: system\fxgl.bundle
10:53:56.720 [JavaFX Application Thread] DEBUG IOTask               - Task succeeded: writeDataTask(system/fxgl.bundle)
10:53:56.721 [JavaFX Application Thread] DEBUG GameApplication      - Closing logger and exiting JavaFX
