10:53:35.833 [JavaFX Application Thread] DEBUG GameApplication      - Logger initialized
10:53:35.871 [JavaFX Application Thread] DEBUG MainWindow           - Creating a JavaFX scene
10:53:35.960 [JavaFX Application Thread] DEBUG MainWindow           - Target settings size: 1000.0 x 1000.0
10:53:35.960 [JavaFX Application Thread] DEBUG MainWindow           - Scaled scene size:    1000.0 x 1000.0
10:53:35.960 [JavaFX Application Thread] DEBUG MainWindow           - Scaled ratio: (1.0, 1.0)
10:53:36.106 [JavaFX Application Thread] DEBUG GameApplication      - Starting FXGL
10:53:36.161 [FXGL Launcher Thread     ] INFO  Version              - FXGL-0.4.3
10:53:36.162 [FXGL Launcher Thread     ] INFO  Version              - Source code and latest versions at: https://github.com/AlmasB/FXGL
10:53:36.162 [FXGL Launcher Thread     ] INFO  Version              -              Join the FXGL chat at: https://gitter.im/AlmasB/FXGL
10:53:36.200 [FXGL Launcher Thread     ] DEBUG FXGL                 - Loading default FXGL system data
10:53:36.239 [JavaFX Application Thread] DEBUG UpdaterTask          - Checking for updates
10:53:36.340 [JavaFX Application Thread] DEBUG IOTask               - Showing dialog
10:53:36.342 [FXGL Background Thread 1 ] DEBUG IOTask               - Executing task: openStream(https://raw.githubusercontent.com/AlmasB/FXGL/master/pom.xml)
10:53:36.342 [FXGL Background Thread 1 ] DEBUG IOTask               - Executing task: openStream(https://raw.githubusercontent.com/AlmasB/FXGL/master/pom.xml)
10:53:37.847 [FXGL Background Thread 1 ] DEBUG IOTask               - Executing task: latestVersion
10:53:37.886 [JavaFX Application Thread] DEBUG IOTask               - succeed(): Dismissing dialog
10:53:37.887 [JavaFX Application Thread] DEBUG IOTask               - Task succeeded: openStream(https://raw.githubusercontent.com/AlmasB/FXGL/master/pom.xml)
10:53:37.915 [FXGL Launcher Thread     ] DEBUG GameApplication      - FXGL started
10:53:37.915 [FXGL Launcher Thread     ] DEBUG GameApplication      - Logging game settings
Title: BABA IS YOU
Version: 0.1
Width: 1000
Height: 1000
Fullscreen: false
Intro: false
Menus: false
Profiling: false
Single step:false
App Mode: DEVELOPER
Menu Key: ESCAPE
Stage Style: DECORATED
Scene Factory: class com.almasb.fxgl.scene.SceneFactory
Dialog Factory: class com.almasb.fxgl.ui.FXGLDialogFactory
UI Factory: class com.almasb.fxgl.ui.FXGLUIFactory
Notification Service: class com.almasb.fxgl.gameplay.notification.XboxNotificationView
Exception Handler: class com.almasb.fxgl.app.FXGLExceptionHandler
10:53:37.916 [FXGL Launcher Thread     ] DEBUG GameApplication      - Configuring GameApplication
10:53:37.916 [FXGL Launcher Thread     ] DEBUG GameApplication      - Initializing state machine and application states
10:53:37.940 [FXGL Launcher Thread     ] DEBUG AssetLoader          - Loading from disk: /assets/ui/cursors/fxgl_default.png
10:53:37.962 [FXGL Launcher Thread     ] DEBUG AssetLoader          - Loading from disk: /assets/ui/cursors/fxgl_default.png
10:53:37.965 [FXGL Launcher Thread     ] DEBUG AssetLoader          - Loading from disk: /assets/ui/cursors/fxgl_default.png
10:53:37.978 [FXGL Launcher Thread     ] DEBUG AssetLoader          - Loading from disk: /assets/sounds/core/notification.wav
10:53:38.166 [FXGL Launcher Thread     ] DEBUG AssetLoader          - Loading from disk: /assets/sounds/menu/select.wav
10:53:38.167 [FXGL Launcher Thread     ] DEBUG AssetLoader          - Loading from disk: /assets/sounds/menu/back.wav
10:53:38.169 [FXGL Launcher Thread     ] DEBUG AssetLoader          - Loading from disk: /assets/sounds/menu/press.wav
10:53:38.172 [FXGL Launcher Thread     ] DEBUG AssetLoader          - Loading from disk: /assets/ui/fonts/VarelaRound-Regular.ttf
10:53:38.194 [FXGL Launcher Thread     ] DEBUG AssetLoader          - Loading from disk: /assets/ui/fonts/lucida_console.ttf
10:53:38.206 [FXGL Launcher Thread     ] DEBUG AssetLoader          - Loading from disk: /assets/ui/css/fxgl_dark.css
10:53:38.207 [FXGL Launcher Thread     ] DEBUG AssetLoader          - Loading from disk: /assets/ui/icons/fxgl_icon.png
10:53:38.228 [FXGL Launcher Thread     ] DEBUG AssetLoader          - Loading from disk: /assets/ui/cursors/fxgl_default.png
10:53:38.250 [FXGL Launcher Thread     ] DEBUG FXGL.GameScene       - Game scene initialized: 1000x1000
10:53:38.256 [FXGL Launcher Thread     ] DEBUG FXGL.GameWorld       - Game world initialized
10:53:38.309 [FXGL Launcher Thread     ] DEBUG PhysicsWorld         - Physics world initialized: appHeight=1000, physics.ppm=50,0
10:53:38.312 [FXGL Launcher Thread     ] DEBUG Input                - Registered new binding: Pause - Esc
10:53:38.328 [FXGL Launcher Thread     ] INFO  GameApplication      - Game configuration took:  0,411 sec
10:53:38.371 [JavaFX Application Thread] DEBUG MainWindow           - Opening main window
10:53:38.431 [JavaFX Application Thread] DEBUG MainWindow           - Window border size: (6.0, 35.0)
10:53:38.431 [JavaFX Application Thread] DEBUG MainWindow           - Scaled size: 1000.0 x 1000.0
10:53:38.431 [JavaFX Application Thread] DEBUG MainWindow           - Scaled ratio: (1.0, 1.0)
10:53:38.432 [JavaFX Application Thread] DEBUG MainWindow           - Scene size: 1000.0 x 1000.0
10:53:38.432 [JavaFX Application Thread] DEBUG MainWindow           - Stage size: 1006.0 x 1035.0
10:53:38.432 [JavaFX Application Thread] DEBUG GameApplication      - Running preInit()
10:53:38.435 [JavaFX Application Thread] DEBUG AnnotationParser     - Main app package name: console
10:53:38.807 [JavaFX Application Thread] DEBUG AnnotationParser     - @SetAchievementStore: []
10:53:38.808 [JavaFX Application Thread] DEBUG Input                - Registered new binding: Screenshot - P
10:53:38.808 [JavaFX Application Thread] DEBUG Input                - Registered new binding: Dev Options - CTRL+0
10:53:38.809 [JavaFX Application Thread] DEBUG Input                - Registered new binding: Restart - CTRL+R
10:53:38.865 [JavaFX Application Thread] DEBUG GameApplication      - Starting main loop
10:53:38.869 [JavaFX Application Thread] DEBUG StartupState         - STARTUP
10:53:38.869 [JavaFX Application Thread] DEBUG GameApplication      - Starting new game
10:53:38.869 [JavaFX Application Thread] DEBUG Input                - Clearing active input actions
10:53:38.898 [JavaFX Application Thread] DEBUG AppStateMachine      - StartupState -> LoadingState
10:53:38.899 [JavaFX Application Thread] DEBUG AnnotationParser     - Main app package name: console
10:53:38.900 [JavaFX Application Thread] DEBUG InitAppTask          - Parsing annotations
10:53:38.919 [JavaFX Application Thread] DEBUG AnnotationParser     - @AddCollisionHandler: []
10:53:38.919 [JavaFX Application Thread] DEBUG AnnotationParser     - @SetEntityFactory: []
10:53:38.919 [JavaFX Application Thread] DEBUG AnnotationParser     - @SetEventHandler: []
10:53:38.924 [FXGL Background Thread 1 ] DEBUG InitAppTask          - Clearing previous game
10:53:38.924 [FXGL Background Thread 1 ] DEBUG FXGL.GameWorld       - Clearing game world
10:53:38.924 [FXGL Background Thread 1 ] DEBUG PhysicsWorld         - Clearing physics world
10:53:38.924 [FXGL Background Thread 1 ] DEBUG FXGL.GameScene       - Clearing game scene
10:53:38.925 [FXGL Background Thread 1 ] DEBUG InitAppTask          - Initializing Assets
10:53:38.927 [FXGL Background Thread 1 ] DEBUG InitAppTask          - Initializing Game
10:53:38.933 [FXGL Background Thread 1 ] DEBUG InitAppTask          - Initializing Physics
10:53:38.933 [FXGL Background Thread 1 ] DEBUG InitAppTask          - Initializing UI
10:53:38.933 [FXGL Background Thread 1 ] DEBUG InitAppTask          - Initialization Complete
10:53:38.933 [FXGL Background Thread 1 ] INFO  InitAppTask          - Game initialization took: 0,010 sec
10:53:39.008 [JavaFX Application Thread] DEBUG Input                - Clearing active input actions
10:53:39.015 [JavaFX Application Thread] DEBUG AppStateMachine      - LoadingState -> PlayState
10:53:45.808 [JavaFX Application Thread] DEBUG GameApplication      - Exiting game application
10:53:45.809 [JavaFX Application Thread] DEBUG GameApplication      - Shutting down background threads
10:53:45.810 [JavaFX Application Thread] DEBUG GameApplication      - Exiting FXGL
10:53:45.810 [JavaFX Application Thread] DEBUG FXGL                 - Saving FXGL system data
10:53:45.813 [JavaFX Application Thread] DEBUG IOTask               - Executing task: writeDataTask(system/fxgl.bundle)
10:53:45.817 [JavaFX Application Thread] DEBUG FS                   - Writing to: system\fxgl.bundle
10:53:45.831 [JavaFX Application Thread] DEBUG IOTask               - Task succeeded: writeDataTask(system/fxgl.bundle)
10:53:45.831 [JavaFX Application Thread] DEBUG GameApplication      - Closing logger and exiting JavaFX
